<?xml version="1.0" encoding="UTF-8"?>
<!-- Generated by org.testng.reporters.JUnitReportReporter -->
<testsuite hostname="User-PC" name="scenario_Component.Scenario_Login" tests="1" failures="0" timestamp="8 Mar 2016 06:15:02 GMT" time="73.447" errors="0">
  <testcase name="TestInValidLogin" time="73.447" classname="scenario_Component.Scenario_Login"/>
</testsuite> <!-- scenario_Component.Scenario_Login -->
